<?xml version="1.0" encoding="UTF-8" ?>
<testsuite tests="7" failures="0" name="Cities.cities.AppTest" time="0.114" errors="0" skipped="0">
  <properties>
[...]
</properties>
  <testcase classname="Cities.cities.AppTest" name="testForAddingStartNullAndAtmostNegative" time="0.004"/>
  <testcase classname="Cities.cities.AppTest" name="testForAddingStartValAndAtmostNegative" time="0"/>
  <testcase classname="Cities.cities.AppTest" name="testForAddingStartNullAndAtmostZero" time="0"/>
  <testcase classname="Cities.cities.AppTest" name="testForAddingStartValueAndAtmostValue" time="0.11"/>
  <testcase classname="Cities.cities.AppTest" name="testForAddingStartNull" time="0"/>
  <testcase classname="Cities.cities.AppTest" name="testForAddingNoValue" time="0"/>
  <testcase classname="Cities.cities.AppTest" name="testForAddingOnlyStartValue" time="0"/>
</testsuite>